Applied profile 'suning'
Fri Jul 19 2019 15:41:45 GMT+0800 (China Standard Time)X-CSRF-Token: E2913A1F71258847B6F259F6871F7F83
Applied profile 'suning'
Fri Jul 19 2019 15:41:49 GMT+0800 (China Standard Time)X-CSRF-Token: E2913A1F71258847B6F259F6871F7F83
Applied profile 'suning'
Fri Jul 19 2019 15:43:05 GMT+0800 (China Standard Time)X-CSRF-Token: A2846184B91C054C808B428E065C8EBA
Applied profile 'suning'
Fri Jul 19 2019 17:29:27 GMT+0800 (China Standard Time)X-CSRF-Token: 4CE5D492F40FF447B3C5FB641F5E16A6
Applied profile 'suning'
Mon Jul 22 2019 14:11:46 GMT+0800 (China Standard Time)X-CSRF-Token: 2E1950ADBA17B14AACD0473025DEAD1C
Applied profile 'suning'
Tue Jul 23 2019 10:56:12 GMT+0800 (China Standard Time)X-CSRF-Token: 2636EB820A0DD8439C0527EDC4D9FB44
Applied profile 'suning'
Wed Jul 24 2019 17:36:55 GMT+0800 (China Standard Time)X-CSRF-Token: ABDEF69DA50CE94B8235417DCC172D2C
Applied profile 'suning'
Fri Jul 26 2019 16:09:39 GMT+0800 (China Standard Time)X-CSRF-Token: 336AFAE3FE33CB43B7316D44FD13E1C9
Applied profile 'suning'
Mon Jul 29 2019 10:13:21 GMT+0800 (China Standard Time)X-CSRF-Token: 53F56BF485EB2E409D1381EC0A7C22C6
Applied profile 'suning'
Tue Jul 30 2019 16:57:54 GMT+0800 (China Standard Time)X-CSRF-Token: 81AB2DB72B246F4C871451FEB876A0A8
Applied profile 'suning'
Wed Aug 14 2019 16:18:30 GMT+0800 (China Standard Time)X-CSRF-Token: EA5586EE1A45D5488889DA4699990E57
Applied profile 'suning'
Wed Aug 21 2019 14:01:49 GMT+0800 (China Standard Time)X-CSRF-Token: CFAA9AF66C77704E963C54721A2E7440
